Determining if the pthread_create exist failed with the following output:
Change Dir: /home/mwilmes2/School/EECS568/simple_dvo-master/build/CMakeFiles/CMakeTmp

Run Build Command:"/usr/bin/make" "cmTC_38a6d/fast"
/usr/bin/make -f CMakeFiles/cmTC_38a6d.dir/build.make CMakeFiles/cmTC_38a6d.dir/build
make[1]: Entering directory '/home/mwilmes2/School/EECS568/simple_dvo-master/build/CMakeFiles/CMakeTmp'
Building C object CMakeFiles/cmTC_38a6d.dir/CheckSymbolExists.c.o
/usr/bin/cc     -o CMakeFiles/cmTC_38a6d.dir/CheckSymbolExists.c.o   -c /home/mwilmes2/School/EECS568/simple_dvo-master/build/CMakeFiles/CMakeTmp/CheckSymbolExists.c
Linking C executable cmTC_38a6d
/usr/bin/cmake -E cmake_link_script CMakeFiles/cmTC_38a6d.dir/link.txt --verbose=1
/usr/bin/cc       CMakeFiles/cmTC_38a6d.dir/CheckSymbolExists.c.o  -o cmTC_38a6d -rdynamic 
CMakeFiles/cmTC_38a6d.dir/CheckSymbolExists.c.o: In function `main':
CheckSymbolExists.c:(.text+0x16): undefined reference to `pthread_create'
collect2: error: ld returned 1 exit status
CMakeFiles/cmTC_38a6d.dir/build.make:97: recipe for target 'cmTC_38a6d' failed
make[1]: *** [cmTC_38a6d] Error 1
make[1]: Leaving directory '/home/mwilmes2/School/EECS568/simple_dvo-master/build/CMakeFiles/CMakeTmp'
Makefile:126: recipe for target 'cmTC_38a6d/fast' failed
make: *** [cmTC_38a6d/fast] Error 2

File /home/mwilmes2/School/EECS568/simple_dvo-master/build/CMakeFiles/CMakeTmp/CheckSymbolExists.c:
/* */
#include <pthread.h>

int main(int argc, char** argv)
{
  (void)argv;
#ifndef pthread_create
  return ((int*)(&pthread_create))[argc];
#else
  (void)argc;
  return 0;
#endif
}

Determining if the function pthread_create exists in the pthreads failed with the following output:
Change Dir: /home/mwilmes2/School/EECS568/simple_dvo-master/build/CMakeFiles/CMakeTmp

Run Build Command:"/usr/bin/make" "cmTC_c1df8/fast"
/usr/bin/make -f CMakeFiles/cmTC_c1df8.dir/build.make CMakeFiles/cmTC_c1df8.dir/build
make[1]: Entering directory '/home/mwilmes2/School/EECS568/simple_dvo-master/build/CMakeFiles/CMakeTmp'
Building C object CMakeFiles/cmTC_c1df8.dir/CheckFunctionExists.c.o
/usr/bin/cc    -DCHECK_FUNCTION_EXISTS=pthread_create   -o CMakeFiles/cmTC_c1df8.dir/CheckFunctionExists.c.o   -c /usr/share/cmake-3.5/Modules/CheckFunctionExists.c
Linking C executable cmTC_c1df8
/usr/bin/cmake -E cmake_link_script CMakeFiles/cmTC_c1df8.dir/link.txt --verbose=1
/usr/bin/cc   -DCHECK_FUNCTION_EXISTS=pthread_create    CMakeFiles/cmTC_c1df8.dir/CheckFunctionExists.c.o  -o cmTC_c1df8 -rdynamic -lpthreads 
/usr/bin/ld: cannot find -lpthreads
collect2: error: ld returned 1 exit status
CMakeFiles/cmTC_c1df8.dir/build.make:97: recipe for target 'cmTC_c1df8' failed
make[1]: *** [cmTC_c1df8] Error 1
make[1]: Leaving directory '/home/mwilmes2/School/EECS568/simple_dvo-master/build/CMakeFiles/CMakeTmp'
Makefile:126: recipe for target 'cmTC_c1df8/fast' failed
make: *** [cmTC_c1df8/fast] Error 2


